  Asteroid.cpp
  Audio.cpp
  AudioManager.cpp
  Buffer.cpp
  BufferManager.cpp
  Camera.cpp
  CubeObject.cpp
  DeathState.cpp
  GameManager.cpp
  GameObject.cpp
  GameState.cpp
  Grid.cpp
  InputManager.cpp
  Light.cpp
  main.cpp
  Material.cpp
  MenuState.cpp
  Missile.cpp
  Model.cpp
c:\users\27chandler\desktop\crate_blaster\project1\project1\model.cpp(274): warning C4244: 'argument': conversion from 'T' to 'const unsigned int', possible loss of data
          with
          [
              T=float
          ]
c:\users\27chandler\desktop\crate_blaster\project1\project1\model.cpp(275): warning C4244: 'argument': conversion from 'T' to 'const unsigned int', possible loss of data
          with
          [
              T=float
          ]
c:\users\27chandler\desktop\crate_blaster\project1\project1\model.cpp(276): warning C4244: 'argument': conversion from 'T' to 'const unsigned int', possible loss of data
          with
          [
              T=float
          ]
  PipelineManager.cpp
  Compiling...
  PlayState.cpp
  Quad.cpp
  ScreenManager.cpp
  Ship.cpp
  SkyBox.cpp
  Sprite.cpp
  Text.cpp
  Texture.cpp
  Generating code
  All 1051 functions were compiled because no usable IPDB/IOBJ from previous compilation was found.
  Finished generating code
  Project1.vcxproj -> C:\Users\27chandler\Desktop\Crate_Blaster\Project1\Release\Project1.exe
